Started GET "/" for ::1 at 2016-11-19 15:42:04 +0600
Processing by Rails::WelcomeController#index as HTML
  Parameters: {"internal"=>true}
  Rendering /Users/mac/.rvm/gems/ruby-2.3.0/gems/railties-5.0.0.1/lib/rails/templates/rails/welcome/index.html.erb
  Rendered /Users/mac/.rvm/gems/ruby-2.3.0/gems/railties-5.0.0.1/lib/rails/templates/rails/welcome/index.html.erb (6.5ms)
Completed 200 OK in 86ms (Views: 41.8ms | ActiveRecord: 0.0ms)


  [1m[35m (1.9ms)[0m  [1m[35mCREATE TABLE "schema_migrations" ("version" varchar NOT NULL PRIMARY KEY)[0m
  [1m[35m (1.8ms)[0m  [1m[35mCREATE TABLE "ar_internal_metadata" ("key" varchar NOT NULL PRIMARY KEY, "value" varchar, "created_at" datetime NOT NULL, "updated_at" datetime NOT NULL)[0m
  [1m[36mActiveRecord::SchemaMigration Load (0.2ms)[0m  [1m[34mSELECT "schema_migrations".* FROM "schema_migrations"[0m
Migrating to CreatePosts (20161119095445)
  [1m[35m (0.1ms)[0m  [1m[36mbegin transaction[0m
  [1m[35m (0.6ms)[0m  [1m[35mCREATE TABLE "posts" ("id" INTEGER PRIMARY KEY AUTOINCREMENT NOT NULL, "name" varchar, "body" text, "created_at" datetime NOT NULL, "updated_at" datetime NOT NULL)[0m
  [1m[35mSQL (0.2ms)[0m  [1m[32mINSERT INTO "schema_migrations" ("version") VALUES (?)[0m  [["version", "20161119095445"]]
  [1m[35m (1.4ms)[0m  [1m[36mcommit transaction[0m
  [1m[36mActiveRecord::InternalMetadata Load (0.2ms)[0m  [1m[34mSELECT  "ar_internal_metadata".* FROM "ar_internal_metadata" WHERE "ar_internal_metadata"."key" = ? LIMIT ?[0m  [["key", :environment], ["LIMIT", 1]]
  [1m[35m (0.1ms)[0m  [1m[36mbegin transaction[0m
  [1m[35mSQL (0.4ms)[0m  [1m[32mINSERT INTO "ar_internal_metadata" ("key", "value", "created_at", "updated_at") VALUES (?, ?, ?, ?)[0m  [["key", "environment"], ["value", "development"], ["created_at", 2016-11-19 09:55:52 UTC], ["updated_at", 2016-11-19 09:55:52 UTC]]
  [1m[35m (1.1ms)[0m  [1m[36mcommit transaction[0m
  [1m[36mActiveRecord::SchemaMigration Load (0.1ms)[0m  [1m[34mSELECT "schema_migrations".* FROM "schema_migrations"[0m
Started GET "/" for ::1 at 2016-11-19 15:56:15 +0600
  [1m[36mActiveRecord::SchemaMigration Load (0.2ms)[0m  [1m[34mSELECT "schema_migrations".* FROM "schema_migrations"[0m
Processing by Rails::WelcomeController#index as HTML
  Parameters: {"internal"=>true}
  Rendering /Users/mac/.rvm/gems/ruby-2.3.0/gems/railties-5.0.0.1/lib/rails/templates/rails/welcome/index.html.erb
  Rendered /Users/mac/.rvm/gems/ruby-2.3.0/gems/railties-5.0.0.1/lib/rails/templates/rails/welcome/index.html.erb (3.5ms)
Completed 200 OK in 16ms (Views: 6.7ms | ActiveRecord: 0.0ms)


Started GET "/posts" for ::1 at 2016-11-19 15:56:19 +0600
Processing by PostsController#index as HTML
  Rendering posts/index.html.erb within layouts/application
  [1m[36mPost Load (0.2ms)[0m  [1m[34mSELECT "posts".* FROM "posts"[0m
  Rendered posts/index.html.erb within layouts/application (20.6ms)
Completed 200 OK in 1764ms (Views: 1754.8ms | ActiveRecord: 0.5ms)


Started GET "/posts/new" for ::1 at 2016-11-19 15:57:52 +0600
Processing by PostsController#new as HTML
  Rendering posts/new.html.erb within layouts/application
  Rendered posts/_form.html.erb (134.4ms)
  Rendered posts/new.html.erb within layouts/application (140.5ms)
Completed 200 OK in 218ms (Views: 200.3ms | ActiveRecord: 0.7ms)


Started POST "/posts" for ::1 at 2016-11-19 15:57:53 +0600
Processing by PostsController#create as HTML
  Parameters: {"utf8"=>"✓", "authenticity_token"=>"jqH0orlDB0VwuGwR5MlJ59eXOpR856G8dK0DY/lyKpbmd3Z9rV+YJo58CAnKXQuqHlIlE3GL8dovw0Mf76HW/Q==", "post"=>{"name"=>"", "body"=>""}, "commit"=>"Create Post"}
  [1m[35m (0.1ms)[0m  [1m[36mbegin transaction[0m
  [1m[35mSQL (0.7ms)[0m  [1m[32mINSERT INTO "posts" ("name", "body", "created_at", "updated_at") VALUES (?, ?, ?, ?)[0m  [["name", ""], ["body", ""], ["created_at", 2016-11-19 09:57:53 UTC], ["updated_at", 2016-11-19 09:57:53 UTC]]
  [1m[35m (1.6ms)[0m  [1m[36mcommit transaction[0m
Redirected to http://localhost:3000/posts/1
Completed 302 Found in 13ms (ActiveRecord: 2.4ms)


Started GET "/posts/1" for ::1 at 2016-11-19 15:57:53 +0600
Processing by PostsController#show as HTML
  Parameters: {"id"=>"1"}
  [1m[36mPost Load (0.9ms)[0m  [1m[34mSELECT  "posts".* FROM "posts" WHERE "posts"."id" = ? LIMIT ?[0m  [["id", 1], ["LIMIT", 1]]
  Rendering posts/show.html.erb within layouts/application
  Rendered posts/show.html.erb within layouts/application (1.0ms)
Completed 200 OK in 71ms (Views: 49.3ms | ActiveRecord: 0.9ms)


Started GET "/posts" for ::1 at 2016-11-19 15:57:57 +0600
Processing by PostsController#index as HTML
  Rendering posts/index.html.erb within layouts/application
  [1m[36mPost Load (0.4ms)[0m  [1m[34mSELECT "posts".* FROM "posts"[0m
  Rendered posts/index.html.erb within layouts/application (3.6ms)
Completed 200 OK in 72ms (Views: 68.4ms | ActiveRecord: 0.4ms)


Started GET "/posts/new" for ::1 at 2016-11-19 15:57:58 +0600
Processing by PostsController#new as HTML
  Rendering posts/new.html.erb within layouts/application
  Rendered posts/_form.html.erb (4.1ms)
  Rendered posts/new.html.erb within layouts/application (14.2ms)
Completed 200 OK in 66ms (Views: 63.2ms | ActiveRecord: 0.0ms)


Started POST "/posts" for ::1 at 2016-11-19 15:58:03 +0600
Processing by PostsController#create as HTML
  Parameters: {"utf8"=>"✓", "authenticity_token"=>"jBtIhndPuyrmUbOwFSp/WAv79i7VfLT0B2xx4/DmKqbkzcpZY1MkSRiV16g7vj0Vwj7pqdgQ5JJcAjGf5jXWzQ==", "post"=>{"name"=>"k", "body"=>"nnn"}, "commit"=>"Create Post"}
  [1m[35m (0.1ms)[0m  [1m[36mbegin transaction[0m
  [1m[35mSQL (0.7ms)[0m  [1m[32mINSERT INTO "posts" ("name", "body", "created_at", "updated_at") VALUES (?, ?, ?, ?)[0m  [["name", "k"], ["body", "nnn"], ["created_at", 2016-11-19 09:58:03 UTC], ["updated_at", 2016-11-19 09:58:03 UTC]]
  [1m[35m (1.3ms)[0m  [1m[36mcommit transaction[0m
Redirected to http://localhost:3000/posts/2
Completed 302 Found in 6ms (ActiveRecord: 2.0ms)


Started GET "/posts/2" for ::1 at 2016-11-19 15:58:03 +0600
Processing by PostsController#show as HTML
  Parameters: {"id"=>"2"}
  [1m[36mPost Load (0.2ms)[0m  [1m[34mSELECT  "posts".* FROM "posts" WHERE "posts"."id" = ? LIMIT ?[0m  [["id", 2], ["LIMIT", 1]]
  Rendering posts/show.html.erb within layouts/application
  Rendered posts/show.html.erb within layouts/application (0.9ms)
Completed 200 OK in 41ms (Views: 37.9ms | ActiveRecord: 0.2ms)


Started GET "/posts" for ::1 at 2016-11-19 15:58:04 +0600
Processing by PostsController#index as HTML
  Rendering posts/index.html.erb within layouts/application
  [1m[36mPost Load (0.2ms)[0m  [1m[34mSELECT "posts".* FROM "posts"[0m
  Rendered posts/index.html.erb within layouts/application (10.2ms)
Completed 200 OK in 71ms (Views: 67.6ms | ActiveRecord: 0.2ms)


Started GET "/posts/1/edit" for ::1 at 2016-11-19 15:58:08 +0600
Processing by PostsController#edit as HTML
  Parameters: {"id"=>"1"}
  [1m[36mPost Load (0.2ms)[0m  [1m[34mSELECT  "posts".* FROM "posts" WHERE "posts"."id" = ? LIMIT ?[0m  [["id", 1], ["LIMIT", 1]]
  Rendering posts/edit.html.erb within layouts/application
  Rendered posts/_form.html.erb (3.7ms)
  Rendered posts/edit.html.erb within layouts/application (8.1ms)
Completed 200 OK in 64ms (Views: 59.6ms | ActiveRecord: 0.2ms)


Started PATCH "/posts/1" for ::1 at 2016-11-19 15:58:12 +0600
Processing by PostsController#update as HTML
  Parameters: {"utf8"=>"✓", "authenticity_token"=>"KKMc/KHNOLD5BvGxr38tkii0yb03SZtNHI650OchS3SVswZKvCzqLrsdxmFQQBVWSgtAv5sLEVJTw1UFIyo3qw==", "post"=>{"name"=>"lm", "body"=>",m"}, "commit"=>"Update Post", "id"=>"1"}
  [1m[36mPost Load (0.7ms)[0m  [1m[34mSELECT  "posts".* FROM "posts" WHERE "posts"."id" = ? LIMIT ?[0m  [["id", 1], ["LIMIT", 1]]
  [1m[35m (0.1ms)[0m  [1m[36mbegin transaction[0m
  [1m[35mSQL (0.4ms)[0m  [1m[33mUPDATE "posts" SET "name" = ?, "body" = ?, "updated_at" = ? WHERE "posts"."id" = ?[0m  [["name", "lm"], ["body", ",m"], ["updated_at", 2016-11-19 09:58:12 UTC], ["id", 1]]
  [1m[35m (1.3ms)[0m  [1m[36mcommit transaction[0m
Redirected to http://localhost:3000/posts/1
Completed 302 Found in 9ms (ActiveRecord: 2.4ms)


Started GET "/posts/1" for ::1 at 2016-11-19 15:58:12 +0600
Processing by PostsController#show as HTML
  Parameters: {"id"=>"1"}
  [1m[36mPost Load (0.2ms)[0m  [1m[34mSELECT  "posts".* FROM "posts" WHERE "posts"."id" = ? LIMIT ?[0m  [["id", 1], ["LIMIT", 1]]
  Rendering posts/show.html.erb within layouts/application
  Rendered posts/show.html.erb within layouts/application (0.8ms)
Completed 200 OK in 38ms (Views: 35.0ms | ActiveRecord: 0.2ms)


Started GET "/posts" for ::1 at 2016-11-19 15:58:14 +0600
Processing by PostsController#index as HTML
  Rendering posts/index.html.erb within layouts/application
  [1m[36mPost Load (0.2ms)[0m  [1m[34mSELECT "posts".* FROM "posts"[0m
  Rendered posts/index.html.erb within layouts/application (2.3ms)
Completed 200 OK in 60ms (Views: 57.5ms | ActiveRecord: 0.2ms)


  [1m[36mActiveRecord::SchemaMigration Load (0.2ms)[0m  [1m[34mSELECT "schema_migrations".* FROM "schema_migrations"[0m
Migrating to CreateCategories (20161119100526)
  [1m[35m (0.1ms)[0m  [1m[36mbegin transaction[0m
  [1m[35m (0.7ms)[0m  [1m[35mCREATE TABLE "categories" ("id" INTEGER PRIMARY KEY AUTOINCREMENT NOT NULL, "name" varchar, "created_at" datetime NOT NULL, "updated_at" datetime NOT NULL)[0m
  [1m[35mSQL (0.2ms)[0m  [1m[32mINSERT INTO "schema_migrations" ("version") VALUES (?)[0m  [["version", "20161119100526"]]
  [1m[35m (2.0ms)[0m  [1m[36mcommit transaction[0m
  [1m[36mActiveRecord::InternalMetadata Load (0.2ms)[0m  [1m[34mSELECT  "ar_internal_metadata".* FROM "ar_internal_metadata" WHERE "ar_internal_metadata"."key" = ? LIMIT ?[0m  [["key", :environment], ["LIMIT", 1]]
  [1m[35m (0.1ms)[0m  [1m[36mbegin transaction[0m
  [1m[35m (0.0ms)[0m  [1m[36mcommit transaction[0m
  [1m[36mActiveRecord::SchemaMigration Load (0.2ms)[0m  [1m[34mSELECT "schema_migrations".* FROM "schema_migrations"[0m
  [1m[35m (0.1ms)[0m  [1m[36mbegin transaction[0m
  [1m[35mSQL (0.4ms)[0m  [1m[32mINSERT INTO "categories" ("name", "created_at", "updated_at") VALUES (?, ?, ?)[0m  [["name", "Life"], ["created_at", 2016-11-19 10:07:23 UTC], ["updated_at", 2016-11-19 10:07:23 UTC]]
  [1m[35m (32.7ms)[0m  [1m[36mcommit transaction[0m
  [1m[35m (1.3ms)[0m  [1m[36mbegin transaction[0m
  [1m[35mSQL (0.6ms)[0m  [1m[32mINSERT INTO "categories" ("name", "created_at", "updated_at") VALUES (?, ?, ?)[0m  [["name", "Music"], ["created_at", 2016-11-19 10:07:34 UTC], ["updated_at", 2016-11-19 10:07:34 UTC]]
  [1m[35m (1.6ms)[0m  [1m[36mcommit transaction[0m
  [1m[35m (0.1ms)[0m  [1m[36mbegin transaction[0m
  [1m[35mSQL (0.4ms)[0m  [1m[32mINSERT INTO "categories" ("name", "created_at", "updated_at") VALUES (?, ?, ?)[0m  [["name", "Food"], ["created_at", 2016-11-19 10:07:44 UTC], ["updated_at", 2016-11-19 10:07:44 UTC]]
  [1m[35m (1.7ms)[0m  [1m[36mcommit transaction[0m
  [1m[35m (0.4ms)[0m  [1m[34mSELECT COUNT(*) FROM "categories"[0m
  [1m[36mActiveRecord::SchemaMigration Load (0.2ms)[0m  [1m[34mSELECT "schema_migrations".* FROM "schema_migrations"[0m
Migrating to AddCategoryRefToPosts (20161119101532)
  [1m[35m (0.1ms)[0m  [1m[36mbegin transaction[0m
  [1m[35m (0.8ms)[0m  [1m[35mALTER TABLE "posts" ADD "category_id" integer[0m
  [1m[35m (0.2ms)[0m  [1m[34mselect sqlite_version(*)[0m
  [1m[35m (0.2ms)[0m  [1m[35mCREATE  INDEX "index_posts_on_category_id" ON "posts" ("category_id")[0m
  [1m[35mSQL (0.2ms)[0m  [1m[32mINSERT INTO "schema_migrations" ("version") VALUES (?)[0m  [["version", "20161119101532"]]
  [1m[35m (1.7ms)[0m  [1m[36mcommit transaction[0m
  [1m[36mActiveRecord::InternalMetadata Load (0.4ms)[0m  [1m[34mSELECT  "ar_internal_metadata".* FROM "ar_internal_metadata" WHERE "ar_internal_metadata"."key" = ? LIMIT ?[0m  [["key", :environment], ["LIMIT", 1]]
  [1m[35m (0.1ms)[0m  [1m[36mbegin transaction[0m
  [1m[35m (0.1ms)[0m  [1m[36mcommit transaction[0m
  [1m[36mActiveRecord::SchemaMigration Load (0.1ms)[0m  [1m[34mSELECT "schema_migrations".* FROM "schema_migrations"[0m
  [1m[35m (0.1ms)[0m  [1m[34m            SELECT sql
            FROM sqlite_master
            WHERE name='index_posts_on_category_id' AND type='index'
            UNION ALL
            SELECT sql
            FROM sqlite_temp_master
            WHERE name='index_posts_on_category_id' AND type='index'
[0m
Started GET "/posts/new" for ::1 at 2016-11-19 16:22:44 +0600
  [1m[36mActiveRecord::SchemaMigration Load (0.3ms)[0m  [1m[34mSELECT "schema_migrations".* FROM "schema_migrations"[0m
Processing by PostsController#new as HTML
  Rendering posts/new.html.erb within layouts/application
  [1m[36mCategory Load (0.2ms)[0m  [1m[34mSELECT "categories".* FROM "categories"[0m
  Rendered posts/_form.html.erb (29.5ms)
  Rendered posts/new.html.erb within layouts/application (32.7ms)
Completed 200 OK in 135ms (Views: 69.1ms | ActiveRecord: 1.7ms)


Started POST "/posts" for ::1 at 2016-11-19 16:35:36 +0600
Processing by PostsController#create as HTML
  Parameters: {"utf8"=>"✓", "authenticity_token"=>"Iuoth+ju54I/A9UOrOZfmK1nP+e75LxPBSczuU1isLtKPK9Y/PJ44cHHsRaCch3VZKIgYLaI7CleSXPFW7FM0A==", "post"=>{"name"=>"fd", "category_id"=>"1", "body"=>"er"}, "commit"=>"Create Post"}
Unpermitted parameter: category_id
  [1m[35m (0.1ms)[0m  [1m[36mbegin transaction[0m
  [1m[35m (0.1ms)[0m  [1m[31mrollback transaction[0m
  Rendering posts/new.html.erb within layouts/application
  [1m[36mCategory Load (0.2ms)[0m  [1m[34mSELECT "categories".* FROM "categories"[0m
  Rendered posts/_form.html.erb (4.5ms)
  Rendered posts/new.html.erb within layouts/application (7.5ms)
Completed 200 OK in 111ms (Views: 54.1ms | ActiveRecord: 0.4ms)


Started POST "/posts" for ::1 at 2016-11-19 16:36:30 +0600
Processing by PostsController#create as HTML
  Parameters: {"utf8"=>"✓", "authenticity_token"=>"TJmnVm9rJfKKoSQuT8xtSpQwsna42DQULnDIq4zAyYYWjKtrMOohf8Ds3orSeZW+l6uxVfqIAZmIreER1iGtMA==", "post"=>{"name"=>"fd", "category_id"=>"1", "body"=>"er"}, "commit"=>"Create Post"}
  [1m[35m (0.1ms)[0m  [1m[36mbegin transaction[0m
  [1m[36mCategory Load (0.1ms)[0m  [1m[34mSELECT  "categories".* FROM "categories" WHERE "categories"."id" = ? LIMIT ?[0m  [["id", 1], ["LIMIT", 1]]
  [1m[35mSQL (0.6ms)[0m  [1m[32mINSERT INTO "posts" ("name", "body", "created_at", "updated_at", "category_id") VALUES (?, ?, ?, ?, ?)[0m  [["name", "fd"], ["body", "er"], ["created_at", 2016-11-19 10:36:31 UTC], ["updated_at", 2016-11-19 10:36:31 UTC], ["category_id", 1]]
  [1m[35m (1.5ms)[0m  [1m[36mcommit transaction[0m
Redirected to http://localhost:3000/posts/3
Completed 302 Found in 66ms (ActiveRecord: 3.6ms)


Started GET "/posts/3" for ::1 at 2016-11-19 16:36:31 +0600
Processing by PostsController#show as HTML
  Parameters: {"id"=>"3"}
  [1m[36mPost Load (0.2ms)[0m  [1m[34mSELECT  "posts".* FROM "posts" WHERE "posts"."id" = ? LIMIT ?[0m  [["id", 3], ["LIMIT", 1]]
  Rendering posts/show.html.erb within layouts/application
  Rendered posts/show.html.erb within layouts/application (1.2ms)
Completed 200 OK in 45ms (Views: 39.3ms | ActiveRecord: 0.2ms)


Started GET "/posts/3" for ::1 at 2016-11-19 16:41:24 +0600
Processing by PostsController#show as HTML
  Parameters: {"id"=>"3"}
  [1m[36mPost Load (0.2ms)[0m  [1m[34mSELECT  "posts".* FROM "posts" WHERE "posts"."id" = ? LIMIT ?[0m  [["id", 3], ["LIMIT", 1]]
  Rendering posts/show.html.erb within layouts/application
  [1m[36mCategory Load (0.2ms)[0m  [1m[34mSELECT  "categories".* FROM "categories" WHERE "categories"."id" = ? LIMIT ?[0m  [["id", 1], ["LIMIT", 1]]
  Rendered posts/show.html.erb within layouts/application (3.0ms)
Completed 200 OK in 55ms (Views: 47.6ms | ActiveRecord: 0.4ms)


Started GET "/posts" for ::1 at 2016-11-19 16:42:16 +0600
Processing by PostsController#index as HTML
  Rendering posts/index.html.erb within layouts/application
  [1m[36mPost Load (0.2ms)[0m  [1m[34mSELECT "posts".* FROM "posts"[0m
  Rendered posts/index.html.erb within layouts/application (42.1ms)
Completed 500 Internal Server Error in 52ms (ActiveRecord: 0.2ms)


  
ActionView::Template::Error (undefined method `name' for nil:NilClass):
    17:       <tr>
    18:         <td><%= post.name %></td>
    19:         <td><%= post.body %></td>
    20:         <td><%= post.category.name %></td>
    21:         <td><%= link_to 'Show', post %></td>
    22:         <td><%= link_to 'Edit', edit_post_path(post) %></td>
    23:         <td><%= link_to 'Destroy', post, method: :delete, data: { confirm: 'Are you sure?' } %></td>
  
app/views/posts/index.html.erb:20:in `block in _app_views_posts_index_html_erb__629180397528269472_70123982458340'
app/views/posts/index.html.erb:16:in `_app_views_posts_index_html_erb__629180397528269472_70123982458340'
  Rendering /Users/mac/.rvm/gems/ruby-2.3.0/gems/actionpack-5.0.0.1/lib/action_dispatch/middleware/templates/rescues/template_error.html.erb within rescues/layout
  Rendering /Users/mac/.rvm/gems/ruby-2.3.0/gems/actionpack-5.0.0.1/lib/action_dispatch/middleware/templates/rescues/_source.html.erb
  Rendered /Users/mac/.rvm/gems/ruby-2.3.0/gems/actionpack-5.0.0.1/lib/action_dispatch/middleware/templates/rescues/_source.html.erb (5.2ms)
  Rendering /Users/mac/.rvm/gems/ruby-2.3.0/gems/actionpack-5.0.0.1/lib/action_dispatch/middleware/templates/rescues/_trace.html.erb
  Rendered /Users/mac/.rvm/gems/ruby-2.3.0/gems/actionpack-5.0.0.1/lib/action_dispatch/middleware/templates/rescues/_trace.html.erb (10.2ms)
  Rendering /Users/mac/.rvm/gems/ruby-2.3.0/gems/actionpack-5.0.0.1/lib/action_dispatch/middleware/templates/rescues/_request_and_response.html.erb
  Rendered /Users/mac/.rvm/gems/ruby-2.3.0/gems/actionpack-5.0.0.1/lib/action_dispatch/middleware/templates/rescues/_request_and_response.html.erb (0.8ms)
  Rendered /Users/mac/.rvm/gems/ruby-2.3.0/gems/actionpack-5.0.0.1/lib/action_dispatch/middleware/templates/rescues/template_error.html.erb within rescues/layout (96.8ms)
Started GET "/posts" for ::1 at 2016-11-19 16:42:18 +0600
Processing by PostsController#index as HTML
  Rendering posts/index.html.erb within layouts/application
  [1m[36mPost Load (0.2ms)[0m  [1m[34mSELECT "posts".* FROM "posts"[0m
  Rendered posts/index.html.erb within layouts/application (5.5ms)
Completed 500 Internal Server Error in 15ms (ActiveRecord: 0.2ms)


  
ActionView::Template::Error (undefined method `name' for nil:NilClass):
    17:       <tr>
    18:         <td><%= post.name %></td>
    19:         <td><%= post.body %></td>
    20:         <td><%= post.category.name %></td>
    21:         <td><%= link_to 'Show', post %></td>
    22:         <td><%= link_to 'Edit', edit_post_path(post) %></td>
    23:         <td><%= link_to 'Destroy', post, method: :delete, data: { confirm: 'Are you sure?' } %></td>
  
app/views/posts/index.html.erb:20:in `block in _app_views_posts_index_html_erb__629180397528269472_70124020838920'
app/views/posts/index.html.erb:16:in `_app_views_posts_index_html_erb__629180397528269472_70124020838920'
  Rendering /Users/mac/.rvm/gems/ruby-2.3.0/gems/actionpack-5.0.0.1/lib/action_dispatch/middleware/templates/rescues/template_error.html.erb within rescues/layout
  Rendering /Users/mac/.rvm/gems/ruby-2.3.0/gems/actionpack-5.0.0.1/lib/action_dispatch/middleware/templates/rescues/_source.html.erb
  Rendered /Users/mac/.rvm/gems/ruby-2.3.0/gems/actionpack-5.0.0.1/lib/action_dispatch/middleware/templates/rescues/_source.html.erb (6.1ms)
  Rendering /Users/mac/.rvm/gems/ruby-2.3.0/gems/actionpack-5.0.0.1/lib/action_dispatch/middleware/templates/rescues/_trace.html.erb
  Rendered /Users/mac/.rvm/gems/ruby-2.3.0/gems/actionpack-5.0.0.1/lib/action_dispatch/middleware/templates/rescues/_trace.html.erb (2.5ms)
  Rendering /Users/mac/.rvm/gems/ruby-2.3.0/gems/actionpack-5.0.0.1/lib/action_dispatch/middleware/templates/rescues/_request_and_response.html.erb
  Rendered /Users/mac/.rvm/gems/ruby-2.3.0/gems/actionpack-5.0.0.1/lib/action_dispatch/middleware/templates/rescues/_request_and_response.html.erb (0.9ms)
  Rendered /Users/mac/.rvm/gems/ruby-2.3.0/gems/actionpack-5.0.0.1/lib/action_dispatch/middleware/templates/rescues/template_error.html.erb within rescues/layout (76.6ms)
Started GET "/posts" for ::1 at 2016-11-19 16:42:54 +0600
Processing by PostsController#index as HTML
  Rendering posts/index.html.erb within layouts/application
  [1m[36mPost Load (0.2ms)[0m  [1m[34mSELECT "posts".* FROM "posts"[0m
  Rendered posts/index.html.erb within layouts/application (5.1ms)
Completed 500 Internal Server Error in 14ms (ActiveRecord: 0.2ms)


  
ActionView::Template::Error (undefined method `name' for nil:NilClass):
    17:       <tr>
    18:         <td><%= post.name %></td>
    19:         <td><%= post.body %></td>
    20:         <td><%= post.category.name %></td>
    21:         <td><%= link_to 'Show', post %></td>
    22:         <td><%= link_to 'Edit', edit_post_path(post) %></td>
    23:         <td><%= link_to 'Destroy', post, method: :delete, data: { confirm: 'Are you sure?' } %></td>
  
app/views/posts/index.html.erb:20:in `block in _app_views_posts_index_html_erb__629180397528269472_70123965581180'
app/views/posts/index.html.erb:16:in `_app_views_posts_index_html_erb__629180397528269472_70123965581180'
  Rendering /Users/mac/.rvm/gems/ruby-2.3.0/gems/actionpack-5.0.0.1/lib/action_dispatch/middleware/templates/rescues/template_error.html.erb within rescues/layout
  Rendering /Users/mac/.rvm/gems/ruby-2.3.0/gems/actionpack-5.0.0.1/lib/action_dispatch/middleware/templates/rescues/_source.html.erb
  Rendered /Users/mac/.rvm/gems/ruby-2.3.0/gems/actionpack-5.0.0.1/lib/action_dispatch/middleware/templates/rescues/_source.html.erb (5.1ms)
  Rendering /Users/mac/.rvm/gems/ruby-2.3.0/gems/actionpack-5.0.0.1/lib/action_dispatch/middleware/templates/rescues/_trace.html.erb
  Rendered /Users/mac/.rvm/gems/ruby-2.3.0/gems/actionpack-5.0.0.1/lib/action_dispatch/middleware/templates/rescues/_trace.html.erb (2.1ms)
  Rendering /Users/mac/.rvm/gems/ruby-2.3.0/gems/actionpack-5.0.0.1/lib/action_dispatch/middleware/templates/rescues/_request_and_response.html.erb
  Rendered /Users/mac/.rvm/gems/ruby-2.3.0/gems/actionpack-5.0.0.1/lib/action_dispatch/middleware/templates/rescues/_request_and_response.html.erb (1.0ms)
  Rendered /Users/mac/.rvm/gems/ruby-2.3.0/gems/actionpack-5.0.0.1/lib/action_dispatch/middleware/templates/rescues/template_error.html.erb within rescues/layout (72.6ms)
Started GET "/posts" for ::1 at 2016-11-19 16:44:56 +0600
Processing by PostsController#index as HTML
  Rendering posts/index.html.erb within layouts/application
  [1m[36mPost Load (0.2ms)[0m  [1m[34mSELECT "posts".* FROM "posts"[0m
  Rendered posts/index.html.erb within layouts/application (4.7ms)
Completed 500 Internal Server Error in 15ms (ActiveRecord: 0.2ms)


  
ActionView::Template::Error (undefined method `name' for nil:NilClass):
    17:       <tr>
    18:         <td><%= post.name %></td>
    19:         <td><%= post.body %></td>
    20:         <td><%= post.category.name %></td>
    21:         <td><%= link_to 'Show', post %></td>
    22:         <td><%= link_to 'Edit', edit_post_path(post) %></td>
    23:         <td><%= link_to 'Destroy', post, method: :delete, data: { confirm: 'Are you sure?' } %></td>
  
app/views/posts/index.html.erb:20:in `block in _app_views_posts_index_html_erb__629180397528269472_70124001866280'
app/views/posts/index.html.erb:16:in `_app_views_posts_index_html_erb__629180397528269472_70124001866280'
  Rendering /Users/mac/.rvm/gems/ruby-2.3.0/gems/actionpack-5.0.0.1/lib/action_dispatch/middleware/templates/rescues/template_error.html.erb within rescues/layout
  Rendering /Users/mac/.rvm/gems/ruby-2.3.0/gems/actionpack-5.0.0.1/lib/action_dispatch/middleware/templates/rescues/_source.html.erb
  Rendered /Users/mac/.rvm/gems/ruby-2.3.0/gems/actionpack-5.0.0.1/lib/action_dispatch/middleware/templates/rescues/_source.html.erb (5.9ms)
  Rendering /Users/mac/.rvm/gems/ruby-2.3.0/gems/actionpack-5.0.0.1/lib/action_dispatch/middleware/templates/rescues/_trace.html.erb
  Rendered /Users/mac/.rvm/gems/ruby-2.3.0/gems/actionpack-5.0.0.1/lib/action_dispatch/middleware/templates/rescues/_trace.html.erb (2.1ms)
  Rendering /Users/mac/.rvm/gems/ruby-2.3.0/gems/actionpack-5.0.0.1/lib/action_dispatch/middleware/templates/rescues/_request_and_response.html.erb
  Rendered /Users/mac/.rvm/gems/ruby-2.3.0/gems/actionpack-5.0.0.1/lib/action_dispatch/middleware/templates/rescues/_request_and_response.html.erb (1.0ms)
  Rendered /Users/mac/.rvm/gems/ruby-2.3.0/gems/actionpack-5.0.0.1/lib/action_dispatch/middleware/templates/rescues/template_error.html.erb within rescues/layout (77.1ms)
Started GET "/posts" for ::1 at 2016-11-19 16:45:19 +0600
  [1m[36mActiveRecord::SchemaMigration Load (0.2ms)[0m  [1m[34mSELECT "schema_migrations".* FROM "schema_migrations"[0m
Processing by PostsController#index as HTML
  Rendering posts/index.html.erb within layouts/application
  [1m[36mPost Load (0.2ms)[0m  [1m[34mSELECT "posts".* FROM "posts"[0m
  Rendered posts/index.html.erb within layouts/application (30.4ms)
Completed 500 Internal Server Error in 86ms (ActiveRecord: 0.9ms)


  
ActionView::Template::Error (undefined method `name' for nil:NilClass):
    17:       <tr>
    18:         <td><%= post.name %></td>
    19:         <td><%= post.body %></td>
    20:         <td><%= post.category.name %></td>
    21:         <td><%= link_to 'Show', post %></td>
    22:         <td><%= link_to 'Edit', edit_post_path(post) %></td>
    23:         <td><%= link_to 'Destroy', post, method: :delete, data: { confirm: 'Are you sure?' } %></td>
  
app/views/posts/index.html.erb:20:in `block in _app_views_posts_index_html_erb__2640797940924966458_70116138636460'
app/views/posts/index.html.erb:16:in `_app_views_posts_index_html_erb__2640797940924966458_70116138636460'
  Rendering /Users/mac/.rvm/gems/ruby-2.3.0/gems/actionpack-5.0.0.1/lib/action_dispatch/middleware/templates/rescues/template_error.html.erb within rescues/layout
  Rendering /Users/mac/.rvm/gems/ruby-2.3.0/gems/actionpack-5.0.0.1/lib/action_dispatch/middleware/templates/rescues/_source.html.erb
  Rendered /Users/mac/.rvm/gems/ruby-2.3.0/gems/actionpack-5.0.0.1/lib/action_dispatch/middleware/templates/rescues/_source.html.erb (5.9ms)
  Rendering /Users/mac/.rvm/gems/ruby-2.3.0/gems/actionpack-5.0.0.1/lib/action_dispatch/middleware/templates/rescues/_trace.html.erb
  Rendered /Users/mac/.rvm/gems/ruby-2.3.0/gems/actionpack-5.0.0.1/lib/action_dispatch/middleware/templates/rescues/_trace.html.erb (2.3ms)
  Rendering /Users/mac/.rvm/gems/ruby-2.3.0/gems/actionpack-5.0.0.1/lib/action_dispatch/middleware/templates/rescues/_request_and_response.html.erb
  Rendered /Users/mac/.rvm/gems/ruby-2.3.0/gems/actionpack-5.0.0.1/lib/action_dispatch/middleware/templates/rescues/_request_and_response.html.erb (1.0ms)
  Rendered /Users/mac/.rvm/gems/ruby-2.3.0/gems/actionpack-5.0.0.1/lib/action_dispatch/middleware/templates/rescues/template_error.html.erb within rescues/layout (100.2ms)
Started GET "/posts" for ::1 at 2016-11-19 16:45:23 +0600
Processing by PostsController#index as HTML
  Rendering posts/index.html.erb within layouts/application
  [1m[36mPost Load (0.2ms)[0m  [1m[34mSELECT "posts".* FROM "posts"[0m
  Rendered posts/index.html.erb within layouts/application (5.3ms)
Completed 500 Internal Server Error in 15ms (ActiveRecord: 0.2ms)


  
ActionView::Template::Error (undefined method `name' for nil:NilClass):
    17:       <tr>
    18:         <td><%= post.name %></td>
    19:         <td><%= post.body %></td>
    20:         <td><%= post.category.name %></td>
    21:         <td><%= link_to 'Show', post %></td>
    22:         <td><%= link_to 'Edit', edit_post_path(post) %></td>
    23:         <td><%= link_to 'Destroy', post, method: :delete, data: { confirm: 'Are you sure?' } %></td>
  
app/views/posts/index.html.erb:20:in `block in _app_views_posts_index_html_erb__2640797940924966458_70116142696180'
app/views/posts/index.html.erb:16:in `_app_views_posts_index_html_erb__2640797940924966458_70116142696180'
  Rendering /Users/mac/.rvm/gems/ruby-2.3.0/gems/actionpack-5.0.0.1/lib/action_dispatch/middleware/templates/rescues/template_error.html.erb within rescues/layout
  Rendering /Users/mac/.rvm/gems/ruby-2.3.0/gems/actionpack-5.0.0.1/lib/action_dispatch/middleware/templates/rescues/_source.html.erb
  Rendered /Users/mac/.rvm/gems/ruby-2.3.0/gems/actionpack-5.0.0.1/lib/action_dispatch/middleware/templates/rescues/_source.html.erb (12.7ms)
  Rendering /Users/mac/.rvm/gems/ruby-2.3.0/gems/actionpack-5.0.0.1/lib/action_dispatch/middleware/templates/rescues/_trace.html.erb
  Rendered /Users/mac/.rvm/gems/ruby-2.3.0/gems/actionpack-5.0.0.1/lib/action_dispatch/middleware/templates/rescues/_trace.html.erb (2.1ms)
  Rendering /Users/mac/.rvm/gems/ruby-2.3.0/gems/actionpack-5.0.0.1/lib/action_dispatch/middleware/templates/rescues/_request_and_response.html.erb
  Rendered /Users/mac/.rvm/gems/ruby-2.3.0/gems/actionpack-5.0.0.1/lib/action_dispatch/middleware/templates/rescues/_request_and_response.html.erb (0.8ms)
  Rendered /Users/mac/.rvm/gems/ruby-2.3.0/gems/actionpack-5.0.0.1/lib/action_dispatch/middleware/templates/rescues/template_error.html.erb within rescues/layout (89.1ms)
Started GET "/posts" for ::1 at 2016-11-19 16:50:28 +0600
Processing by PostsController#index as HTML
  Rendering posts/index.html.erb within layouts/application
  [1m[36mPost Load (0.2ms)[0m  [1m[34mSELECT "posts".* FROM "posts"[0m
  Rendered posts/index.html.erb within layouts/application (131.0ms)
Completed 500 Internal Server Error in 141ms (ActiveRecord: 0.2ms)


  
ActionView::Template::Error (undefined local variable or method `post_params' for #<#<Class:0x007f8a5f129aa8>:0x007f8a5f9db3e0>
Did you mean?  post_path):
    17:       <tr>
    18:         <td><%= post.name %></td>
    19:         <td><%= post.body %></td>
    20:         <td><%= post_params.name %></td>
    21:         <td><%= link_to 'Show', post %></td>
    22:         <td><%= link_to 'Edit', edit_post_path(post) %></td>
    23:         <td><%= link_to 'Destroy', post, method: :delete, data: { confirm: 'Are you sure?' } %></td>
  
app/views/posts/index.html.erb:20:in `block in _app_views_posts_index_html_erb__2640797940924966458_70116138893440'
app/views/posts/index.html.erb:16:in `_app_views_posts_index_html_erb__2640797940924966458_70116138893440'
  Rendering /Users/mac/.rvm/gems/ruby-2.3.0/gems/actionpack-5.0.0.1/lib/action_dispatch/middleware/templates/rescues/template_error.html.erb within rescues/layout
  Rendering /Users/mac/.rvm/gems/ruby-2.3.0/gems/actionpack-5.0.0.1/lib/action_dispatch/middleware/templates/rescues/_source.html.erb
  Rendered /Users/mac/.rvm/gems/ruby-2.3.0/gems/actionpack-5.0.0.1/lib/action_dispatch/middleware/templates/rescues/_source.html.erb (4.8ms)
  Rendering /Users/mac/.rvm/gems/ruby-2.3.0/gems/actionpack-5.0.0.1/lib/action_dispatch/middleware/templates/rescues/_trace.html.erb
  Rendered /Users/mac/.rvm/gems/ruby-2.3.0/gems/actionpack-5.0.0.1/lib/action_dispatch/middleware/templates/rescues/_trace.html.erb (2.4ms)
  Rendering /Users/mac/.rvm/gems/ruby-2.3.0/gems/actionpack-5.0.0.1/lib/action_dispatch/middleware/templates/rescues/_request_and_response.html.erb
  Rendered /Users/mac/.rvm/gems/ruby-2.3.0/gems/actionpack-5.0.0.1/lib/action_dispatch/middleware/templates/rescues/_request_and_response.html.erb (1.0ms)
  Rendered /Users/mac/.rvm/gems/ruby-2.3.0/gems/actionpack-5.0.0.1/lib/action_dispatch/middleware/templates/rescues/template_error.html.erb within rescues/layout (75.3ms)
Started GET "/posts" for ::1 at 2016-11-19 16:56:11 +0600
Processing by PostsController#index as HTML
  Rendering posts/index.html.erb within layouts/application
  Rendered posts/index.html.erb within layouts/application (1.0ms)
Completed 500 Internal Server Error in 11ms (ActiveRecord: 0.0ms)


  
SyntaxError (/Users/mac/Documents/Projects/Web Development/Ruby On Rails/Blog 2/blog/app/views/posts/index.html.erb:20: syntax error, unexpected tLABEL
...ut_buffer.append=( post_params:name );@output_buffer.safe_ap...
...                               ^):
  
app/views/posts/index.html.erb:20: syntax error, unexpected tLABEL
  Rendering /Users/mac/.rvm/gems/ruby-2.3.0/gems/actionpack-5.0.0.1/lib/action_dispatch/middleware/templates/rescues/diagnostics.html.erb within rescues/layout
  Rendering /Users/mac/.rvm/gems/ruby-2.3.0/gems/actionpack-5.0.0.1/lib/action_dispatch/middleware/templates/rescues/_source.html.erb
  Rendered /Users/mac/.rvm/gems/ruby-2.3.0/gems/actionpack-5.0.0.1/lib/action_dispatch/middleware/templates/rescues/_source.html.erb (4.8ms)
  Rendering /Users/mac/.rvm/gems/ruby-2.3.0/gems/actionpack-5.0.0.1/lib/action_dispatch/middleware/templates/rescues/_trace.html.erb
  Rendered /Users/mac/.rvm/gems/ruby-2.3.0/gems/actionpack-5.0.0.1/lib/action_dispatch/middleware/templates/rescues/_trace.html.erb (2.7ms)
  Rendering /Users/mac/.rvm/gems/ruby-2.3.0/gems/actionpack-5.0.0.1/lib/action_dispatch/middleware/templates/rescues/_request_and_response.html.erb
  Rendered /Users/mac/.rvm/gems/ruby-2.3.0/gems/actionpack-5.0.0.1/lib/action_dispatch/middleware/templates/rescues/_request_and_response.html.erb (0.9ms)
  Rendered /Users/mac/.rvm/gems/ruby-2.3.0/gems/actionpack-5.0.0.1/lib/action_dispatch/middleware/templates/rescues/diagnostics.html.erb within rescues/layout (78.2ms)
Started GET "/posts" for ::1 at 2016-11-19 17:00:03 +0600
Processing by PostsController#index as HTML
  Rendering posts/index.html.erb within layouts/application
  [1m[36mPost Load (0.2ms)[0m  [1m[34mSELECT "posts".* FROM "posts"[0m
  Rendered posts/index.html.erb within layouts/application (6.5ms)
Completed 500 Internal Server Error in 17ms (ActiveRecord: 0.2ms)


  
ActionView::Template::Error (undefined method `name' for nil:NilClass):
    17:       <tr>
    18:         <td><%= post.name %></td>
    19:         <td><%= post.body %></td>
    20:         <td><%= post.category.name %></td>
    21:         <td><%= link_to 'Show', post %></td>
    22:         <td><%= link_to 'Edit', edit_post_path(post) %></td>
    23:         <td><%= link_to 'Destroy', post, method: :delete, data: { confirm: 'Are you sure?' } %></td>
  
app/views/posts/index.html.erb:20:in `block in _app_views_posts_index_html_erb__2640797940924966458_70116111893400'
app/views/posts/index.html.erb:16:in `_app_views_posts_index_html_erb__2640797940924966458_70116111893400'
  Rendering /Users/mac/.rvm/gems/ruby-2.3.0/gems/actionpack-5.0.0.1/lib/action_dispatch/middleware/templates/rescues/template_error.html.erb within rescues/layout
  Rendering /Users/mac/.rvm/gems/ruby-2.3.0/gems/actionpack-5.0.0.1/lib/action_dispatch/middleware/templates/rescues/_source.html.erb
  Rendered /Users/mac/.rvm/gems/ruby-2.3.0/gems/actionpack-5.0.0.1/lib/action_dispatch/middleware/templates/rescues/_source.html.erb (5.0ms)
  Rendering /Users/mac/.rvm/gems/ruby-2.3.0/gems/actionpack-5.0.0.1/lib/action_dispatch/middleware/templates/rescues/_trace.html.erb
  Rendered /Users/mac/.rvm/gems/ruby-2.3.0/gems/actionpack-5.0.0.1/lib/action_dispatch/middleware/templates/rescues/_trace.html.erb (2.2ms)
  Rendering /Users/mac/.rvm/gems/ruby-2.3.0/gems/actionpack-5.0.0.1/lib/action_dispatch/middleware/templates/rescues/_request_and_response.html.erb
  Rendered /Users/mac/.rvm/gems/ruby-2.3.0/gems/actionpack-5.0.0.1/lib/action_dispatch/middleware/templates/rescues/_request_and_response.html.erb (1.2ms)
  Rendered /Users/mac/.rvm/gems/ruby-2.3.0/gems/actionpack-5.0.0.1/lib/action_dispatch/middleware/templates/rescues/template_error.html.erb within rescues/layout (79.3ms)
Started GET "/post" for ::1 at 2016-11-19 17:00:07 +0600
  
ActionController::RoutingError (No route matches [GET] "/post"):
  
actionpack (5.0.0.1) lib/action_dispatch/middleware/debug_exceptions.rb:53:in `call'
web-console (3.4.0) lib/web_console/middleware.rb:135:in `call_app'
web-console (3.4.0) lib/web_console/middleware.rb:28:in `block in call'
web-console (3.4.0) lib/web_console/middleware.rb:18:in `catch'
web-console (3.4.0) lib/web_console/middleware.rb:18:in `call'
actionpack (5.0.0.1) lib/action_dispatch/middleware/show_exceptions.rb:31:in `call'
railties (5.0.0.1) lib/rails/rack/logger.rb:36:in `call_app'
railties (5.0.0.1) lib/rails/rack/logger.rb:24:in `block in call'
activesupport (5.0.0.1) lib/active_support/tagged_logging.rb:70:in `block in tagged'
activesupport (5.0.0.1) lib/active_support/tagged_logging.rb:26:in `tagged'
activesupport (5.0.0.1) lib/active_support/tagged_logging.rb:70:in `tagged'
railties (5.0.0.1) lib/rails/rack/logger.rb:24:in `call'
sprockets-rails (3.2.0) lib/sprockets/rails/quiet_assets.rb:13:in `call'
actionpack (5.0.0.1) lib/action_dispatch/middleware/request_id.rb:24:in `call'
rack (2.0.1) lib/rack/method_override.rb:22:in `call'
rack (2.0.1) lib/rack/runtime.rb:22:in `call'
activesupport (5.0.0.1) lib/active_support/cache/strategy/local_cache_middleware.rb:28:in `call'
actionpack (5.0.0.1) lib/action_dispatch/middleware/executor.rb:12:in `call'
actionpack (5.0.0.1) lib/action_dispatch/middleware/static.rb:136:in `call'
rack (2.0.1) lib/rack/sendfile.rb:111:in `call'
railties (5.0.0.1) lib/rails/engine.rb:522:in `call'
puma (3.6.0) lib/puma/configuration.rb:225:in `call'
puma (3.6.0) lib/puma/server.rb:578:in `handle_request'
puma (3.6.0) lib/puma/server.rb:415:in `process_client'
puma (3.6.0) lib/puma/server.rb:275:in `block in run'
puma (3.6.0) lib/puma/thread_pool.rb:116:in `block in spawn_thread'
  Rendering /Users/mac/.rvm/gems/ruby-2.3.0/gems/actionpack-5.0.0.1/lib/action_dispatch/middleware/templates/rescues/routing_error.html.erb within rescues/layout
  Rendering /Users/mac/.rvm/gems/ruby-2.3.0/gems/actionpack-5.0.0.1/lib/action_dispatch/middleware/templates/rescues/_trace.html.erb
  Rendered /Users/mac/.rvm/gems/ruby-2.3.0/gems/actionpack-5.0.0.1/lib/action_dispatch/middleware/templates/rescues/_trace.html.erb (1.5ms)
  Rendered collection of /Users/mac/.rvm/gems/ruby-2.3.0/gems/actionpack-5.0.0.1/lib/action_dispatch/middleware/templates/routes/_route.html.erb [8 times] (67.0ms)
  Rendered /Users/mac/.rvm/gems/ruby-2.3.0/gems/actionpack-5.0.0.1/lib/action_dispatch/middleware/templates/routes/_table.html.erb (26.6ms)
  Rendering /Users/mac/.rvm/gems/ruby-2.3.0/gems/actionpack-5.0.0.1/lib/action_dispatch/middleware/templates/rescues/_request_and_response.html.erb
  Rendered /Users/mac/.rvm/gems/ruby-2.3.0/gems/actionpack-5.0.0.1/lib/action_dispatch/middleware/templates/rescues/_request_and_response.html.erb (1.9ms)
  Rendered /Users/mac/.rvm/gems/ruby-2.3.0/gems/actionpack-5.0.0.1/lib/action_dispatch/middleware/templates/rescues/routing_error.html.erb within rescues/layout (198.4ms)
Started GET "/posts" for ::1 at 2016-11-19 17:04:35 +0600
Processing by PostsController#index as HTML
  Rendering posts/index.html.erb within layouts/application
  [1m[36mPost Load (0.2ms)[0m  [1m[34mSELECT "posts".* FROM "posts"[0m
  Rendered posts/index.html.erb within layouts/application (4.9ms)
Completed 500 Internal Server Error in 13ms (ActiveRecord: 0.2ms)


  
ActionView::Template::Error (undefined method `name' for nil:NilClass):
    17:       <tr>
    18:         <td><%= post.name %></td>
    19:         <td><%= post.body %></td>
    20:         <td><%= post.category.name %></td>
    21:         <td><%= link_to 'Show', post %></td>
    22:         <td><%= link_to 'Edit', edit_post_path(post) %></td>
    23:         <td><%= link_to 'Destroy', post, method: :delete, data: { confirm: 'Are you sure?' } %></td>
  
app/views/posts/index.html.erb:20:in `block in _app_views_posts_index_html_erb__2640797940924966458_70116118520300'
app/views/posts/index.html.erb:16:in `_app_views_posts_index_html_erb__2640797940924966458_70116118520300'
  Rendering /Users/mac/.rvm/gems/ruby-2.3.0/gems/actionpack-5.0.0.1/lib/action_dispatch/middleware/templates/rescues/template_error.html.erb within rescues/layout
  Rendering /Users/mac/.rvm/gems/ruby-2.3.0/gems/actionpack-5.0.0.1/lib/action_dispatch/middleware/templates/rescues/_source.html.erb
  Rendered /Users/mac/.rvm/gems/ruby-2.3.0/gems/actionpack-5.0.0.1/lib/action_dispatch/middleware/templates/rescues/_source.html.erb (5.3ms)
  Rendering /Users/mac/.rvm/gems/ruby-2.3.0/gems/actionpack-5.0.0.1/lib/action_dispatch/middleware/templates/rescues/_trace.html.erb
  Rendered /Users/mac/.rvm/gems/ruby-2.3.0/gems/actionpack-5.0.0.1/lib/action_dispatch/middleware/templates/rescues/_trace.html.erb (2.4ms)
  Rendering /Users/mac/.rvm/gems/ruby-2.3.0/gems/actionpack-5.0.0.1/lib/action_dispatch/middleware/templates/rescues/_request_and_response.html.erb
  Rendered /Users/mac/.rvm/gems/ruby-2.3.0/gems/actionpack-5.0.0.1/lib/action_dispatch/middleware/templates/rescues/_request_and_response.html.erb (1.0ms)
  Rendered /Users/mac/.rvm/gems/ruby-2.3.0/gems/actionpack-5.0.0.1/lib/action_dispatch/middleware/templates/rescues/template_error.html.erb within rescues/layout (76.3ms)
Started GET "/posts" for ::1 at 2016-11-19 17:05:11 +0600
Processing by PostsController#index as HTML
  Rendering posts/index.html.erb within layouts/application
  [1m[36mPost Load (0.2ms)[0m  [1m[34mSELECT "posts".* FROM "posts"[0m
  [1m[36mCategory Load (0.2ms)[0m  [1m[34mSELECT  "categories".* FROM "categories" WHERE "categories"."id" = ? LIMIT ?[0m  [["id", 1], ["LIMIT", 1]]
  Rendered posts/index.html.erb within layouts/application (58.2ms)
Completed 200 OK in 463ms (Views: 458.1ms | ActiveRecord: 0.9ms)


Started GET "/posts/2/edit" for ::1 at 2016-11-19 17:14:39 +0600
Processing by PostsController#edit as HTML
  Parameters: {"id"=>"2"}
  [1m[36mPost Load (0.2ms)[0m  [1m[34mSELECT  "posts".* FROM "posts" WHERE "posts"."id" = ? LIMIT ?[0m  [["id", 2], ["LIMIT", 1]]
  Rendering posts/edit.html.erb within layouts/application
  [1m[36mCategory Load (0.2ms)[0m  [1m[34mSELECT "categories".* FROM "categories"[0m
  Rendered posts/_form.html.erb (21.9ms)
  Rendered posts/edit.html.erb within layouts/application (25.2ms)
Completed 200 OK in 112ms (Views: 68.2ms | ActiveRecord: 0.4ms)


Started PATCH "/posts/2" for ::1 at 2016-11-19 17:14:41 +0600
Processing by PostsController#update as HTML
  Parameters: {"utf8"=>"✓", "authenticity_token"=>"1KZfXAmgJaT+L0CRsh13Gm+q/iLM+B3N1EHdslyiYsrE2ocLKU4bvuFoUI8JVXCPNtsdBgIbc3lJfKnoYh09Mg==", "post"=>{"name"=>"k", "category_id"=>"3", "body"=>"nnn"}, "commit"=>"Update Post", "id"=>"2"}
  [1m[36mPost Load (0.2ms)[0m  [1m[34mSELECT  "posts".* FROM "posts" WHERE "posts"."id" = ? LIMIT ?[0m  [["id", 2], ["LIMIT", 1]]
  [1m[35m (0.1ms)[0m  [1m[36mbegin transaction[0m
  [1m[36mCategory Load (0.2ms)[0m  [1m[34mSELECT  "categories".* FROM "categories" WHERE "categories"."id" = ? LIMIT ?[0m  [["id", 3], ["LIMIT", 1]]
  [1m[35mSQL (0.6ms)[0m  [1m[33mUPDATE "posts" SET "category_id" = ?, "updated_at" = ? WHERE "posts"."id" = ?[0m  [["category_id", 3], ["updated_at", 2016-11-19 11:14:41 UTC], ["id", 2]]
  [1m[35m (1.6ms)[0m  [1m[36mcommit transaction[0m
Redirected to http://localhost:3000/posts/2
Completed 302 Found in 10ms (ActiveRecord: 2.7ms)


Started GET "/posts/2" for ::1 at 2016-11-19 17:14:41 +0600
Processing by PostsController#show as HTML
  Parameters: {"id"=>"2"}
  [1m[36mPost Load (0.1ms)[0m  [1m[34mSELECT  "posts".* FROM "posts" WHERE "posts"."id" = ? LIMIT ?[0m  [["id", 2], ["LIMIT", 1]]
  Rendering posts/show.html.erb within layouts/application
  [1m[36mCategory Load (0.1ms)[0m  [1m[34mSELECT  "categories".* FROM "categories" WHERE "categories"."id" = ? LIMIT ?[0m  [["id", 3], ["LIMIT", 1]]
  Rendered posts/show.html.erb within layouts/application (2.4ms)
Completed 200 OK in 43ms (Views: 39.4ms | ActiveRecord: 0.3ms)


Started GET "/posts/2/edit" for ::1 at 2016-11-19 17:25:23 +0600
Processing by PostsController#edit as HTML
  Parameters: {"id"=>"2"}
  [1m[36mPost Load (0.1ms)[0m  [1m[34mSELECT  "posts".* FROM "posts" WHERE "posts"."id" = ? LIMIT ?[0m  [["id", 2], ["LIMIT", 1]]
  Rendering posts/edit.html.erb within layouts/application
  [1m[36mCategory Load (0.3ms)[0m  [1m[34mSELECT "categories".* FROM "categories"[0m
  Rendered posts/_form.html.erb (4.8ms)
  Rendered posts/edit.html.erb within layouts/application (9.0ms)
Completed 200 OK in 65ms (Views: 60.7ms | ActiveRecord: 0.4ms)


Started PATCH "/posts/2" for ::1 at 2016-11-19 17:25:26 +0600
Processing by PostsController#update as HTML
  Parameters: {"utf8"=>"✓", "authenticity_token"=>"NUvsVQlF0/7EYJyL4DFL36tH5sw2qtw8e1tkMCBDVEQlNzQCKavt5NsnjJVbeUxK8jYF6PhJsojmZhBqHvwLvA==", "post"=>{"name"=>"k", "category_id"=>"2", "body"=>"nnn"}, "commit"=>"Update Post", "id"=>"2"}
  [1m[36mPost Load (0.1ms)[0m  [1m[34mSELECT  "posts".* FROM "posts" WHERE "posts"."id" = ? LIMIT ?[0m  [["id", 2], ["LIMIT", 1]]
  [1m[35m (0.1ms)[0m  [1m[36mbegin transaction[0m
  [1m[36mCategory Load (0.2ms)[0m  [1m[34mSELECT  "categories".* FROM "categories" WHERE "categories"."id" = ? LIMIT ?[0m  [["id", 2], ["LIMIT", 1]]
  [1m[35mSQL (0.5ms)[0m  [1m[33mUPDATE "posts" SET "category_id" = ?, "updated_at" = ? WHERE "posts"."id" = ?[0m  [["category_id", 2], ["updated_at", 2016-11-19 11:25:26 UTC], ["id", 2]]
  [1m[35m (43.3ms)[0m  [1m[36mcommit transaction[0m
Redirected to http://localhost:3000/posts/2
Completed 302 Found in 53ms (ActiveRecord: 44.2ms)


Started GET "/posts/2" for ::1 at 2016-11-19 17:25:26 +0600
Processing by PostsController#show as HTML
  Parameters: {"id"=>"2"}
  [1m[36mPost Load (0.2ms)[0m  [1m[34mSELECT  "posts".* FROM "posts" WHERE "posts"."id" = ? LIMIT ?[0m  [["id", 2], ["LIMIT", 1]]
  Rendering posts/show.html.erb within layouts/application
  [1m[36mCategory Load (0.1ms)[0m  [1m[34mSELECT  "categories".* FROM "categories" WHERE "categories"."id" = ? LIMIT ?[0m  [["id", 2], ["LIMIT", 1]]
  Rendered posts/show.html.erb within layouts/application (2.0ms)
Completed 200 OK in 44ms (Views: 38.6ms | ActiveRecord: 0.3ms)


Started GET "/posts" for ::1 at 2016-11-19 17:25:28 +0600
Processing by PostsController#index as HTML
  Rendering posts/index.html.erb within layouts/application
  [1m[36mPost Load (0.3ms)[0m  [1m[34mSELECT "posts".* FROM "posts"[0m
  [1m[36mCategory Load (0.2ms)[0m  [1m[34mSELECT  "categories".* FROM "categories" WHERE "categories"."id" = ? LIMIT ?[0m  [["id", 2], ["LIMIT", 1]]
  [1m[36mCategory Load (0.1ms)[0m  [1m[34mSELECT  "categories".* FROM "categories" WHERE "categories"."id" = ? LIMIT ?[0m  [["id", 1], ["LIMIT", 1]]
  Rendered posts/index.html.erb within layouts/application (15.8ms)
Completed 200 OK in 89ms (Views: 84.4ms | ActiveRecord: 0.6ms)


Started GET "/posts" for ::1 at 2016-11-19 17:36:58 +0600
Processing by PostsController#index as HTML
  Rendering posts/index.html.erb within layouts/application
  [1m[36mPost Load (0.4ms)[0m  [1m[34mSELECT "posts".* FROM "posts"[0m
  [1m[36mCategory Load (0.1ms)[0m  [1m[34mSELECT  "categories".* FROM "categories" WHERE "categories"."id" = ? LIMIT ?[0m  [["id", 2], ["LIMIT", 1]]
  [1m[36mCategory Load (0.1ms)[0m  [1m[34mSELECT  "categories".* FROM "categories" WHERE "categories"."id" = ? LIMIT ?[0m  [["id", 1], ["LIMIT", 1]]
  Rendered posts/index.html.erb within layouts/application (22.8ms)
Completed 200 OK in 68ms (Views: 59.4ms | ActiveRecord: 1.8ms)


Started GET "/" for ::1 at 2016-11-19 17:37:02 +0600
Processing by PostsController#index as HTML
  Rendering posts/index.html.erb within layouts/application
  [1m[36mPost Load (0.2ms)[0m  [1m[34mSELECT "posts".* FROM "posts"[0m
  [1m[36mCategory Load (0.1ms)[0m  [1m[34mSELECT  "categories".* FROM "categories" WHERE "categories"."id" = ? LIMIT ?[0m  [["id", 2], ["LIMIT", 1]]
  [1m[36mCategory Load (0.1ms)[0m  [1m[34mSELECT  "categories".* FROM "categories" WHERE "categories"."id" = ? LIMIT ?[0m  [["id", 1], ["LIMIT", 1]]
  Rendered posts/index.html.erb within layouts/application (5.2ms)
Completed 200 OK in 42ms (Views: 39.4ms | ActiveRecord: 0.4ms)


Started GET "/" for ::1 at 2016-11-19 17:37:05 +0600
Processing by PostsController#index as HTML
  Rendering posts/index.html.erb within layouts/application
  [1m[36mPost Load (0.3ms)[0m  [1m[34mSELECT "posts".* FROM "posts"[0m
  [1m[36mCategory Load (0.1ms)[0m  [1m[34mSELECT  "categories".* FROM "categories" WHERE "categories"."id" = ? LIMIT ?[0m  [["id", 2], ["LIMIT", 1]]
  [1m[36mCategory Load (0.1ms)[0m  [1m[34mSELECT  "categories".* FROM "categories" WHERE "categories"."id" = ? LIMIT ?[0m  [["id", 1], ["LIMIT", 1]]
  Rendered posts/index.html.erb within layouts/application (4.5ms)
Completed 200 OK in 40ms (Views: 37.1ms | ActiveRecord: 0.5ms)


Started GET "/" for ::1 at 2016-11-19 18:33:08 +0600
Processing by PostsController#index as HTML
  Rendering posts/index.html.erb within layouts/application
  [1m[36mPost Load (0.2ms)[0m  [1m[34mSELECT "posts".* FROM "posts"[0m
  [1m[36mCategory Load (0.1ms)[0m  [1m[34mSELECT  "categories".* FROM "categories" WHERE "categories"."id" = ? LIMIT ?[0m  [["id", 2], ["LIMIT", 1]]
  [1m[36mCategory Load (0.1ms)[0m  [1m[34mSELECT  "categories".* FROM "categories" WHERE "categories"."id" = ? LIMIT ?[0m  [["id", 1], ["LIMIT", 1]]
  Rendered posts/index.html.erb within layouts/application (5.0ms)
Completed 200 OK in 44ms (Views: 40.9ms | ActiveRecord: 0.4ms)


